2020-03-06 23:04:05 INFO  App:22 - 
Enter your choice 1.Fetching 2.Add 3.Remove 4.Print list 5.Exit

2020-03-06 23:04:06 INFO  App:22 - 
Enter your choice 1.Fetching 2.Add 3.Remove 4.Print list 5.Exit

2020-03-06 23:04:20 INFO  App:26 - 
Enter index to fetch from the list

2020-03-06 23:04:24 INFO  App:28 - 3

2020-03-06 23:04:24 INFO  App:22 - 
Enter your choice 1.Fetching 2.Add 3.Remove 4.Print list 5.Exit

2020-03-06 23:04:41 INFO  App:29 - 
Enter number to insert 

2020-03-06 23:04:45 INFO  App:22 - 
Enter your choice 1.Fetching 2.Add 3.Remove 4.Print list 5.Exit

2020-03-06 23:04:50 INFO  App:35 -  
printing the list 

2020-03-06 23:04:50 INFO  App:36 - [1, 1, 3, 4, 5, 6, 7, 8, 9, 10, 11]
2020-03-06 23:04:50 INFO  App:22 - 
Enter your choice 1.Fetching 2.Add 3.Remove 4.Print list 5.Exit

2020-03-06 23:05:04 INFO  App:32 - 
Enter number to remove

2020-03-06 23:05:09 INFO  App:22 - 
Enter your choice 1.Fetching 2.Add 3.Remove 4.Print list 5.Exit

2020-03-06 23:05:13 INFO  App:35 -  
printing the list 

2020-03-06 23:05:13 INFO  App:36 - [1, 3, 4, 5, 6, 7, 8, 9, 10, 11]
2020-03-06 23:05:13 INFO  App:22 - 
Enter your choice 1.Fetching 2.Add 3.Remove 4.Print list 5.Exit

